c:\users\mark\desktop\ide\programs\c++\opengl\opengl\debug\vc141.pdb
c:\users\mark\desktop\ide\programs\c++\opengl\opengl\debug\vc141.idb
c:\users\mark\desktop\ide\programs\c++\opengl\opengl\debug\source.obj
c:\users\mark\desktop\ide\programs\c++\opengl\debug\opengl.pdb
c:\users\mark\desktop\ide\programs\c++\opengl\opengl\debug\opengl.tlog\cl.command.1.tlog
c:\users\mark\desktop\ide\programs\c++\opengl\opengl\debug\opengl.tlog\cl.read.1.tlog
c:\users\mark\desktop\ide\programs\c++\opengl\opengl\debug\opengl.tlog\cl.write.1.tlog
c:\users\mark\desktop\ide\programs\c++\opengl\opengl\debug\opengl.tlog\link-cvtres.read.1.tlog
c:\users\mark\desktop\ide\programs\c++\opengl\opengl\debug\opengl.tlog\link-cvtres.write.1.tlog
c:\users\mark\desktop\ide\programs\c++\opengl\opengl\debug\opengl.tlog\link-rc.read.1.tlog
c:\users\mark\desktop\ide\programs\c++\opengl\opengl\debug\opengl.tlog\link-rc.write.1.tlog
c:\users\mark\desktop\ide\programs\c++\opengl\opengl\debug\opengl.tlog\link.7080-cvtres.read.1.tlog
c:\users\mark\desktop\ide\programs\c++\opengl\opengl\debug\opengl.tlog\link.7080-cvtres.write.1.tlog
c:\users\mark\desktop\ide\programs\c++\opengl\opengl\debug\opengl.tlog\link.7080-rc.read.1.tlog
c:\users\mark\desktop\ide\programs\c++\opengl\opengl\debug\opengl.tlog\link.7080-rc.write.1.tlog
c:\users\mark\desktop\ide\programs\c++\opengl\opengl\debug\opengl.tlog\link.7080.read.1.tlog
c:\users\mark\desktop\ide\programs\c++\opengl\opengl\debug\opengl.tlog\link.7080.write.1.tlog
c:\users\mark\desktop\ide\programs\c++\opengl\opengl\debug\opengl.tlog\link.command.1.tlog
c:\users\mark\desktop\ide\programs\c++\opengl\opengl\debug\opengl.tlog\link.read.1.tlog
c:\users\mark\desktop\ide\programs\c++\opengl\opengl\debug\opengl.tlog\link.write.1.tlog
